<?xml version="1.0" encoding="UTF-8"?>
<testng-results skipped="0" failed="0" total="1" passed="1">
  <reporter-output>
  </reporter-output>
  <suite name="Default suite" duration-ms="4659" started-at="2019-11-26T14:55:08Z" finished-at="2019-11-26T14:55:13Z">
    <groups>
    </groups>
    <test name="Default test" duration-ms="4659" started-at="2019-11-26T14:55:08Z" finished-at="2019-11-26T14:55:13Z">
      <class name="com.gojek.assignment.gojekfinalassignment.ComparatorTest">
        <test-method status="PASS" signature="testComparator()[pri:0, instance:com.gojek.assignment.gojekfinalassignment.ComparatorTest@e25b2fe]" name="testComparator" duration-ms="4648" started-at="2019-11-26T20:25:08Z" finished-at="2019-11-26T20:25:13Z">
          <reporter-output>
          </reporter-output>
        </test-method> <!-- testComparator -->
      </class> <!-- com.gojek.assignment.gojekfinalassignment.ComparatorTest -->
    </test> <!-- Default test -->
  </suite> <!-- Default suite -->
</testng-results>
